15:36:45 [INFO] - [__main__.py > <module>() > 117] - Converting Frame 41000
15:36:46 [INFO] - [__main__.py > <module>() > 121] - Reshaping Frame 41000
15:36:46 [INFO] - [__main__.py > <module>() > 127] - KMeans, Clusters: 4, Frame: 41000
15:53:12 [INFO] - [__main__.py > <module>() > 128] - Converting Frame 41000
15:53:12 [INFO] - [__main__.py > <module>() > 132] - Reshaping Frame 41000
15:53:12 [INFO] - [__main__.py > <module>() > 138] - KMeans, Clusters: 4, Frame: 41000
15:53:31 [INFO] - [__main__.py > <module>() > 128] - Converting Frame 25000
15:53:31 [INFO] - [__main__.py > <module>() > 132] - Reshaping Frame 25000
15:53:31 [INFO] - [__main__.py > <module>() > 138] - KMeans, Clusters: 4, Frame: 25000
15:55:53 [INFO] - [__main__.py > <module>() > 128] - Converting Frame 25000
15:55:53 [INFO] - [__main__.py > <module>() > 132] - Reshaping Frame 25000
15:55:53 [INFO] - [__main__.py > <module>() > 138] - KMeans, Clusters: 4, Frame: 25000
15:56:34 [INFO] - [__main__.py > <module>() > 128] - Converting Frame 25000
15:56:34 [INFO] - [__main__.py > <module>() > 132] - Reshaping Frame 25000
15:56:34 [INFO] - [__main__.py > <module>() > 138] - KMeans, Clusters: 4, Frame: 25000
15:58:09 [INFO] - [__main__.py > <module>() > 128] - Converting Frame 25000
15:58:09 [INFO] - [__main__.py > <module>() > 132] - Reshaping Frame 25000
15:58:09 [INFO] - [__main__.py > <module>() > 139] - KMeans, Clusters: 4, Frame: 25000
15:58:18 [INFO] - [__main__.py > <module>() > 128] - Converting Frame 25000
15:58:18 [INFO] - [__main__.py > <module>() > 132] - Reshaping Frame 25000
15:58:18 [INFO] - [__main__.py > <module>() > 139] - KMeans, Clusters: 4, Frame: 25000
15:58:44 [INFO] - [__main__.py > <module>() > 128] - Converting Frame 25000
15:58:51 [INFO] - [__main__.py > <module>() > 136] - Reshaping Frame 25000
15:58:51 [INFO] - [__main__.py > <module>() > 143] - KMeans, Clusters: 4, Frame: 25000
16:00:10 [INFO] - [__main__.py > <module>() > 128] - Converting Frame 25000
16:00:10 [INFO] - [__main__.py > <module>() > 133] - Reshaping Frame 25000
16:00:10 [INFO] - [__main__.py > <module>() > 140] - KMeans, Clusters: 4, Frame: 25000
16:01:30 [INFO] - [__main__.py > <module>() > 128] - Converting Frame 25000
16:01:30 [INFO] - [__main__.py > <module>() > 134] - Reshaping Frame 25000
16:01:30 [INFO] - [__main__.py > <module>() > 141] - KMeans, Clusters: 4, Frame: 25000
16:02:08 [INFO] - [__main__.py > <module>() > 128] - Converting Frame 25000
16:02:08 [INFO] - [__main__.py > <module>() > 134] - Reshaping Frame 25000
16:02:58 [INFO] - [__main__.py > <module>() > 128] - Converting Frame 25000
16:02:58 [INFO] - [__main__.py > <module>() > 134] - Reshaping Frame 25000
16:02:58 [INFO] - [__main__.py > <module>() > 141] - KMeans, Clusters: 4, Frame: 25000
16:04:06 [INFO] - [__main__.py > <module>() > 128] - Converting Frame 25000
16:04:10 [INFO] - [__main__.py > <module>() > 135] - Reshaping Frame 25000
16:04:10 [INFO] - [__main__.py > <module>() > 142] - KMeans, Clusters: 4, Frame: 25000
16:06:19 [INFO] - [__main__.py > <module>() > 128] - Converting Frame 25000
16:06:32 [INFO] - [__main__.py > <module>() > 128] - Converting Frame 25000
16:06:32 [INFO] - [__main__.py > <module>() > 133] - Reshaping Frame 25000
16:06:32 [INFO] - [__main__.py > <module>() > 140] - KMeans, Clusters: 4, Frame: 25000
16:11:38 [INFO] - [__main__.py > <module>() > 134] - Converting Frame 0
16:11:38 [INFO] - [__main__.py > <module>() > 138] - Reshaping Frame 0
16:11:38 [INFO] - [__main__.py > <module>() > 145] - KMeans, Clusters: 4, Frame: 0
16:11:40 [INFO] - [__main__.py > <module>() > 134] - Converting Frame 1
16:11:40 [INFO] - [__main__.py > <module>() > 138] - Reshaping Frame 1
16:11:40 [INFO] - [__main__.py > <module>() > 145] - KMeans, Clusters: 4, Frame: 1
16:11:42 [INFO] - [__main__.py > <module>() > 134] - Converting Frame 2
16:11:42 [INFO] - [__main__.py > <module>() > 138] - Reshaping Frame 2
16:11:42 [INFO] - [__main__.py > <module>() > 145] - KMeans, Clusters: 4, Frame: 2
04:14:07 [INFO] - [__main__.py > <module>() > 136] - Converting Frame 0
04:14:07 [INFO] - [__main__.py > <module>() > 140] - Reshaping Frame 0
04:14:07 [INFO] - [__main__.py > <module>() > 147] - KMeans, Clusters: 4, Frame: 0
04:15:32 [INFO] - [__main__.py > <module>() > 136] - Converting Frame 0
04:15:32 [INFO] - [__main__.py > <module>() > 140] - Reshaping Frame 0
04:15:32 [INFO] - [__main__.py > <module>() > 147] - KMeans, Clusters: 4, Frame: 0
04:15:35 [INFO] - [__main__.py > <module>() > 136] - Converting Frame 1
04:15:35 [INFO] - [__main__.py > <module>() > 140] - Reshaping Frame 1
04:15:35 [INFO] - [__main__.py > <module>() > 147] - KMeans, Clusters: 4, Frame: 1
04:15:36 [INFO] - [__main__.py > <module>() > 136] - Converting Frame 2
04:15:36 [INFO] - [__main__.py > <module>() > 140] - Reshaping Frame 2
04:15:36 [INFO] - [__main__.py > <module>() > 147] - KMeans, Clusters: 4, Frame: 2
04:15:37 [INFO] - [__main__.py > <module>() > 136] - Converting Frame 3
04:15:37 [INFO] - [__main__.py > <module>() > 140] - Reshaping Frame 3
04:15:37 [INFO] - [__main__.py > <module>() > 147] - KMeans, Clusters: 4, Frame: 3
04:15:39 [INFO] - [__main__.py > <module>() > 136] - Converting Frame 4
04:15:39 [INFO] - [__main__.py > <module>() > 140] - Reshaping Frame 4
04:15:39 [INFO] - [__main__.py > <module>() > 147] - KMeans, Clusters: 4, Frame: 4
04:15:40 [INFO] - [__main__.py > <module>() > 136] - Converting Frame 5
04:15:40 [INFO] - [__main__.py > <module>() > 140] - Reshaping Frame 5
04:15:40 [INFO] - [__main__.py > <module>() > 147] - KMeans, Clusters: 4, Frame: 5
04:15:43 [INFO] - [__main__.py > <module>() > 136] - Converting Frame 6
04:15:43 [INFO] - [__main__.py > <module>() > 140] - Reshaping Frame 6
04:15:43 [INFO] - [__main__.py > <module>() > 147] - KMeans, Clusters: 4, Frame: 6
04:15:46 [INFO] - [__main__.py > <module>() > 136] - Converting Frame 7
04:15:46 [INFO] - [__main__.py > <module>() > 140] - Reshaping Frame 7
04:15:46 [INFO] - [__main__.py > <module>() > 147] - KMeans, Clusters: 4, Frame: 7
04:15:48 [INFO] - [__main__.py > <module>() > 136] - Converting Frame 8
04:15:48 [INFO] - [__main__.py > <module>() > 140] - Reshaping Frame 8
04:15:48 [INFO] - [__main__.py > <module>() > 147] - KMeans, Clusters: 4, Frame: 8
04:15:52 [INFO] - [__main__.py > <module>() > 136] - Converting Frame 9
04:15:52 [INFO] - [__main__.py > <module>() > 140] - Reshaping Frame 9
04:15:52 [INFO] - [__main__.py > <module>() > 147] - KMeans, Clusters: 4, Frame: 9
04:15:55 [INFO] - [__main__.py > <module>() > 136] - Converting Frame 10
04:15:55 [INFO] - [__main__.py > <module>() > 140] - Reshaping Frame 10
04:15:55 [INFO] - [__main__.py > <module>() > 147] - KMeans, Clusters: 4, Frame: 10
04:15:58 [INFO] - [__main__.py > <module>() > 136] - Converting Frame 11
04:15:58 [INFO] - [__main__.py > <module>() > 140] - Reshaping Frame 11
04:15:58 [INFO] - [__main__.py > <module>() > 147] - KMeans, Clusters: 4, Frame: 11
04:16:02 [INFO] - [__main__.py > <module>() > 136] - Converting Frame 12
04:16:02 [INFO] - [__main__.py > <module>() > 140] - Reshaping Frame 12
04:16:02 [INFO] - [__main__.py > <module>() > 147] - KMeans, Clusters: 4, Frame: 12
04:16:06 [INFO] - [__main__.py > <module>() > 136] - Converting Frame 13
04:16:06 [INFO] - [__main__.py > <module>() > 140] - Reshaping Frame 13
04:16:06 [INFO] - [__main__.py > <module>() > 147] - KMeans, Clusters: 4, Frame: 13
04:16:10 [INFO] - [__main__.py > <module>() > 136] - Converting Frame 14
04:16:10 [INFO] - [__main__.py > <module>() > 140] - Reshaping Frame 14
04:16:10 [INFO] - [__main__.py > <module>() > 147] - KMeans, Clusters: 4, Frame: 14
04:16:15 [INFO] - [__main__.py > <module>() > 136] - Converting Frame 15
04:16:15 [INFO] - [__main__.py > <module>() > 140] - Reshaping Frame 15
04:16:15 [INFO] - [__main__.py > <module>() > 147] - KMeans, Clusters: 4, Frame: 15
04:16:19 [INFO] - [__main__.py > <module>() > 136] - Converting Frame 16
04:16:19 [INFO] - [__main__.py > <module>() > 140] - Reshaping Frame 16
04:16:19 [INFO] - [__main__.py > <module>() > 147] - KMeans, Clusters: 4, Frame: 16
04:16:23 [INFO] - [__main__.py > <module>() > 136] - Converting Frame 17
04:16:23 [INFO] - [__main__.py > <module>() > 140] - Reshaping Frame 17
04:16:23 [INFO] - [__main__.py > <module>() > 147] - KMeans, Clusters: 4, Frame: 17
04:16:28 [INFO] - [__main__.py > <module>() > 136] - Converting Frame 18
04:16:28 [INFO] - [__main__.py > <module>() > 140] - Reshaping Frame 18
04:16:28 [INFO] - [__main__.py > <module>() > 147] - KMeans, Clusters: 4, Frame: 18
04:16:33 [INFO] - [__main__.py > <module>() > 136] - Converting Frame 19
04:16:33 [INFO] - [__main__.py > <module>() > 140] - Reshaping Frame 19
04:16:33 [INFO] - [__main__.py > <module>() > 147] - KMeans, Clusters: 4, Frame: 19
04:16:37 [INFO] - [__main__.py > <module>() > 136] - Converting Frame 20
04:16:38 [INFO] - [__main__.py > <module>() > 140] - Reshaping Frame 20
04:16:38 [INFO] - [__main__.py > <module>() > 147] - KMeans, Clusters: 4, Frame: 20
04:16:42 [INFO] - [__main__.py > <module>() > 136] - Converting Frame 21
04:16:42 [INFO] - [__main__.py > <module>() > 140] - Reshaping Frame 21
04:16:42 [INFO] - [__main__.py > <module>() > 147] - KMeans, Clusters: 4, Frame: 21
04:16:46 [INFO] - [__main__.py > <module>() > 136] - Converting Frame 22
04:16:46 [INFO] - [__main__.py > <module>() > 140] - Reshaping Frame 22
04:16:46 [INFO] - [__main__.py > <module>() > 147] - KMeans, Clusters: 4, Frame: 22
04:16:51 [INFO] - [__main__.py > <module>() > 136] - Converting Frame 23
04:16:51 [INFO] - [__main__.py > <module>() > 140] - Reshaping Frame 23
04:16:51 [INFO] - [__main__.py > <module>() > 147] - KMeans, Clusters: 4, Frame: 23
04:22:43 [INFO] - [__main__.py > <module>() > 139] - Converting Frame 22
04:22:43 [INFO] - [__main__.py > <module>() > 143] - Reshaping Frame 22
04:22:43 [INFO] - [__main__.py > <module>() > 150] - KMeans, Clusters: 4, Frame: 22
07:37:12 [INFO] - [__main__.py > plot_histogram() > 112] - Taking in an averaged fraem to analyze
07:45:47 [INFO] - [__main__.py > <module>() > 201] - 0.00% of total video analyzed
07:45:47 [INFO] - [__main__.py > <module>() > 201] - 0.00% of total video analyzed
07:45:47 [INFO] - [__main__.py > <module>() > 201] - 0.00% of total video analyzed
07:45:47 [INFO] - [__main__.py > <module>() > 201] - 0.01% of total video analyzed
07:45:47 [INFO] - [__main__.py > <module>() > 201] - 0.01% of total video analyzed
07:45:47 [INFO] - [__main__.py > <module>() > 201] - 0.01% of total video analyzed
07:45:47 [INFO] - [__main__.py > <module>() > 201] - 0.01% of total video analyzed
07:45:47 [INFO] - [__main__.py > <module>() > 201] - 0.01% of total video analyzed
07:45:47 [INFO] - [__main__.py > <module>() > 201] - 0.01% of total video analyzed
07:45:47 [INFO] - [__main__.py > <module>() > 201] - 0.02% of total video analyzed
07:45:47 [INFO] - [__main__.py > <module>() > 201] - 0.02% of total video analyzed
07:45:47 [INFO] - [__main__.py > <module>() > 201] - 0.02% of total video analyzed
07:45:47 [INFO] - [__main__.py > <module>() > 201] - 0.02% of total video analyzed
07:45:47 [INFO] - [__main__.py > <module>() > 201] - 0.02% of total video analyzed
07:45:47 [INFO] - [__main__.py > <module>() > 201] - 0.02% of total video analyzed
07:45:47 [INFO] - [__main__.py > <module>() > 201] - 0.03% of total video analyzed
07:45:47 [INFO] - [__main__.py > <module>() > 201] - 0.03% of total video analyzed
07:45:47 [INFO] - [__main__.py > <module>() > 201] - 0.03% of total video analyzed
07:45:47 [INFO] - [__main__.py > <module>() > 201] - 0.03% of total video analyzed
07:45:47 [INFO] - [__main__.py > <module>() > 201] - 0.03% of total video analyzed
07:45:47 [INFO] - [__main__.py > <module>() > 201] - 0.03% of total video analyzed
07:45:47 [INFO] - [__main__.py > <module>() > 201] - 0.04% of total video analyzed
07:45:48 [INFO] - [__main__.py > <module>() > 201] - 0.04% of total video analyzed
07:45:48 [INFO] - [__main__.py > average_frames() > 86] - Finding an average image of 24 frames
07:50:15 [INFO] - [__main__.py > <module>() > 201] - 0.00% of total video analyzed
07:50:15 [INFO] - [__main__.py > <module>() > 201] - 0.00% of total video analyzed
07:50:15 [INFO] - [__main__.py > <module>() > 201] - 0.00% of total video analyzed
07:50:15 [INFO] - [__main__.py > <module>() > 201] - 0.01% of total video analyzed
07:50:15 [INFO] - [__main__.py > <module>() > 201] - 0.01% of total video analyzed
07:50:15 [INFO] - [__main__.py > <module>() > 201] - 0.01% of total video analyzed
07:50:15 [INFO] - [__main__.py > <module>() > 201] - 0.01% of total video analyzed
07:50:15 [INFO] - [__main__.py > <module>() > 201] - 0.01% of total video analyzed
07:50:16 [INFO] - [__main__.py > <module>() > 201] - 0.01% of total video analyzed
07:50:16 [INFO] - [__main__.py > <module>() > 201] - 0.02% of total video analyzed
07:50:16 [INFO] - [__main__.py > <module>() > 201] - 0.02% of total video analyzed
07:50:16 [INFO] - [__main__.py > <module>() > 201] - 0.02% of total video analyzed
07:50:16 [INFO] - [__main__.py > <module>() > 201] - 0.02% of total video analyzed
07:50:16 [INFO] - [__main__.py > <module>() > 201] - 0.02% of total video analyzed
07:50:16 [INFO] - [__main__.py > <module>() > 201] - 0.02% of total video analyzed
07:50:16 [INFO] - [__main__.py > <module>() > 201] - 0.03% of total video analyzed
07:50:16 [INFO] - [__main__.py > <module>() > 201] - 0.03% of total video analyzed
07:50:16 [INFO] - [__main__.py > <module>() > 201] - 0.03% of total video analyzed
07:50:16 [INFO] - [__main__.py > <module>() > 201] - 0.03% of total video analyzed
07:50:16 [INFO] - [__main__.py > <module>() > 201] - 0.03% of total video analyzed
07:50:16 [INFO] - [__main__.py > <module>() > 201] - 0.03% of total video analyzed
07:50:16 [INFO] - [__main__.py > <module>() > 201] - 0.04% of total video analyzed
07:50:16 [INFO] - [__main__.py > <module>() > 201] - 0.04% of total video analyzed
07:50:16 [INFO] - [__main__.py > average_frames() > 86] - Finding an average image of 24 frames
07:50:18 [INFO] - [__main__.py > plot_histogram() > 119] - Reshaping Frame
07:50:18 [INFO] - [__main__.py > plot_histogram() > 126] - KMeans, Clusters: 4, Frame: 23
07:50:20 [INFO] - [__main__.py > <module>() > 201] - 0.04% of total video analyzed
07:50:40 [INFO] - [__main__.py > <module>() > 201] - 0.00% of total video analyzed
07:50:40 [INFO] - [__main__.py > <module>() > 201] - 0.00% of total video analyzed
07:50:40 [INFO] - [__main__.py > <module>() > 201] - 0.00% of total video analyzed
07:50:40 [INFO] - [__main__.py > <module>() > 201] - 0.01% of total video analyzed
07:50:40 [INFO] - [__main__.py > <module>() > 201] - 0.01% of total video analyzed
07:50:40 [INFO] - [__main__.py > <module>() > 201] - 0.01% of total video analyzed
07:50:40 [INFO] - [__main__.py > <module>() > 201] - 0.01% of total video analyzed
07:50:40 [INFO] - [__main__.py > <module>() > 201] - 0.01% of total video analyzed
07:50:40 [INFO] - [__main__.py > <module>() > 201] - 0.01% of total video analyzed
07:50:40 [INFO] - [__main__.py > <module>() > 201] - 0.02% of total video analyzed
07:50:40 [INFO] - [__main__.py > <module>() > 201] - 0.02% of total video analyzed
07:50:40 [INFO] - [__main__.py > <module>() > 201] - 0.02% of total video analyzed
07:50:40 [INFO] - [__main__.py > <module>() > 201] - 0.02% of total video analyzed
07:50:40 [INFO] - [__main__.py > <module>() > 201] - 0.02% of total video analyzed
07:50:40 [INFO] - [__main__.py > <module>() > 201] - 0.02% of total video analyzed
07:50:40 [INFO] - [__main__.py > <module>() > 201] - 0.03% of total video analyzed
07:50:40 [INFO] - [__main__.py > <module>() > 201] - 0.03% of total video analyzed
07:50:41 [INFO] - [__main__.py > <module>() > 201] - 0.03% of total video analyzed
07:50:41 [INFO] - [__main__.py > <module>() > 201] - 0.03% of total video analyzed
07:50:41 [INFO] - [__main__.py > <module>() > 201] - 0.03% of total video analyzed
07:50:41 [INFO] - [__main__.py > <module>() > 201] - 0.03% of total video analyzed
07:50:41 [INFO] - [__main__.py > <module>() > 201] - 0.04% of total video analyzed
07:50:41 [INFO] - [__main__.py > <module>() > 201] - 0.04% of total video analyzed
07:50:41 [INFO] - [__main__.py > average_frames() > 86] - Finding an average image of 24 frames
07:50:43 [INFO] - [__main__.py > plot_histogram() > 119] - Reshaping Frame
07:50:43 [INFO] - [__main__.py > plot_histogram() > 126] - KMeans, Clusters: 4, Frame: 23
07:50:46 [INFO] - [__main__.py > <module>() > 201] - 0.04% of total video analyzed
07:51:13 [INFO] - [__main__.py > <module>() > 201] - 0.00% of total video analyzed
07:51:13 [INFO] - [__main__.py > <module>() > 201] - 0.00% of total video analyzed
07:51:13 [INFO] - [__main__.py > <module>() > 201] - 0.00% of total video analyzed
07:51:13 [INFO] - [__main__.py > <module>() > 201] - 0.01% of total video analyzed
07:51:13 [INFO] - [__main__.py > <module>() > 201] - 0.01% of total video analyzed
07:51:13 [INFO] - [__main__.py > <module>() > 201] - 0.01% of total video analyzed
07:51:13 [INFO] - [__main__.py > <module>() > 201] - 0.01% of total video analyzed
07:51:13 [INFO] - [__main__.py > <module>() > 201] - 0.01% of total video analyzed
07:51:13 [INFO] - [__main__.py > <module>() > 201] - 0.01% of total video analyzed
07:51:13 [INFO] - [__main__.py > <module>() > 201] - 0.02% of total video analyzed
07:51:13 [INFO] - [__main__.py > <module>() > 201] - 0.02% of total video analyzed
07:51:13 [INFO] - [__main__.py > <module>() > 201] - 0.02% of total video analyzed
07:51:13 [INFO] - [__main__.py > <module>() > 201] - 0.02% of total video analyzed
07:51:13 [INFO] - [__main__.py > <module>() > 201] - 0.02% of total video analyzed
07:51:13 [INFO] - [__main__.py > <module>() > 201] - 0.02% of total video analyzed
07:51:13 [INFO] - [__main__.py > <module>() > 201] - 0.03% of total video analyzed
07:51:13 [INFO] - [__main__.py > <module>() > 201] - 0.03% of total video analyzed
07:51:13 [INFO] - [__main__.py > <module>() > 201] - 0.03% of total video analyzed
07:51:13 [INFO] - [__main__.py > <module>() > 201] - 0.03% of total video analyzed
07:51:13 [INFO] - [__main__.py > <module>() > 201] - 0.03% of total video analyzed
07:51:13 [INFO] - [__main__.py > <module>() > 201] - 0.03% of total video analyzed
07:51:13 [INFO] - [__main__.py > <module>() > 201] - 0.04% of total video analyzed
07:51:14 [INFO] - [__main__.py > <module>() > 201] - 0.04% of total video analyzed
07:51:14 [INFO] - [__main__.py > average_frames() > 86] - Finding an average image of 24 frames
07:51:15 [INFO] - [__main__.py > plot_histogram() > 119] - Reshaping Frame
07:51:15 [INFO] - [__main__.py > plot_histogram() > 126] - KMeans, Clusters: 4, Frame: 23
07:51:19 [INFO] - [__main__.py > <module>() > 201] - 0.04% of total video analyzed
07:51:57 [INFO] - [__main__.py > <module>() > 201] - 68.43% of total video analyzed
07:51:57 [INFO] - [__main__.py > <module>() > 201] - 68.43% of total video analyzed
07:51:57 [INFO] - [__main__.py > <module>() > 201] - 68.43% of total video analyzed
07:51:57 [INFO] - [__main__.py > <module>() > 201] - 68.44% of total video analyzed
07:51:57 [INFO] - [__main__.py > <module>() > 201] - 68.44% of total video analyzed
07:51:57 [INFO] - [__main__.py > <module>() > 201] - 68.44% of total video analyzed
07:51:57 [INFO] - [__main__.py > <module>() > 201] - 68.44% of total video analyzed
07:51:57 [INFO] - [__main__.py > <module>() > 201] - 68.44% of total video analyzed
07:51:57 [INFO] - [__main__.py > <module>() > 201] - 68.44% of total video analyzed
07:51:57 [INFO] - [__main__.py > <module>() > 201] - 68.45% of total video analyzed
07:51:57 [INFO] - [__main__.py > <module>() > 201] - 68.45% of total video analyzed
07:51:57 [INFO] - [__main__.py > <module>() > 201] - 68.45% of total video analyzed
07:51:57 [INFO] - [__main__.py > <module>() > 201] - 68.45% of total video analyzed
07:51:58 [INFO] - [__main__.py > <module>() > 201] - 68.45% of total video analyzed
07:51:58 [INFO] - [__main__.py > <module>() > 201] - 68.45% of total video analyzed
07:51:58 [INFO] - [__main__.py > <module>() > 201] - 68.46% of total video analyzed
07:51:58 [INFO] - [__main__.py > <module>() > 201] - 68.46% of total video analyzed
07:51:58 [INFO] - [__main__.py > <module>() > 201] - 68.46% of total video analyzed
07:51:58 [INFO] - [__main__.py > <module>() > 201] - 68.46% of total video analyzed
07:51:58 [INFO] - [__main__.py > <module>() > 201] - 68.46% of total video analyzed
07:51:58 [INFO] - [__main__.py > <module>() > 201] - 68.46% of total video analyzed
07:51:58 [INFO] - [__main__.py > <module>() > 201] - 68.47% of total video analyzed
07:51:58 [INFO] - [__main__.py > <module>() > 201] - 68.47% of total video analyzed
07:51:58 [INFO] - [__main__.py > average_frames() > 86] - Finding an average image of 24 frames
07:52:02 [INFO] - [__main__.py > plot_histogram() > 119] - Reshaping Frame
07:52:02 [INFO] - [__main__.py > plot_histogram() > 126] - KMeans, Clusters: 4, Frame: 40023
07:52:05 [INFO] - [__main__.py > <module>() > 201] - 68.47% of total video analyzed
07:54:07 [INFO] - [__main__.py > <module>() > 201] - 68.43% of total video analyzed
07:54:07 [INFO] - [__main__.py > <module>() > 201] - 68.43% of total video analyzed
07:54:07 [INFO] - [__main__.py > <module>() > 201] - 68.43% of total video analyzed
07:54:07 [INFO] - [__main__.py > <module>() > 201] - 68.44% of total video analyzed
07:54:07 [INFO] - [__main__.py > <module>() > 201] - 68.44% of total video analyzed
07:54:07 [INFO] - [__main__.py > <module>() > 201] - 68.44% of total video analyzed
07:54:07 [INFO] - [__main__.py > <module>() > 201] - 68.44% of total video analyzed
07:54:07 [INFO] - [__main__.py > <module>() > 201] - 68.44% of total video analyzed
07:54:07 [INFO] - [__main__.py > <module>() > 201] - 68.44% of total video analyzed
07:54:07 [INFO] - [__main__.py > <module>() > 201] - 68.45% of total video analyzed
07:54:07 [INFO] - [__main__.py > <module>() > 201] - 68.45% of total video analyzed
07:54:07 [INFO] - [__main__.py > <module>() > 201] - 68.45% of total video analyzed
07:54:08 [INFO] - [__main__.py > <module>() > 201] - 68.45% of total video analyzed
07:54:08 [INFO] - [__main__.py > <module>() > 201] - 68.45% of total video analyzed
07:54:08 [INFO] - [__main__.py > <module>() > 201] - 68.45% of total video analyzed
07:54:08 [INFO] - [__main__.py > <module>() > 201] - 68.46% of total video analyzed
07:54:08 [INFO] - [__main__.py > <module>() > 201] - 68.46% of total video analyzed
07:54:08 [INFO] - [__main__.py > <module>() > 201] - 68.46% of total video analyzed
07:54:08 [INFO] - [__main__.py > <module>() > 201] - 68.46% of total video analyzed
07:54:08 [INFO] - [__main__.py > <module>() > 201] - 68.46% of total video analyzed
07:54:08 [INFO] - [__main__.py > <module>() > 201] - 68.46% of total video analyzed
07:54:08 [INFO] - [__main__.py > <module>() > 201] - 68.47% of total video analyzed
07:54:08 [INFO] - [__main__.py > <module>() > 201] - 68.47% of total video analyzed
07:54:08 [INFO] - [__main__.py > average_frames() > 86] - Finding an average image of 24 frames
07:54:12 [INFO] - [__main__.py > plot_histogram() > 119] - Reshaping Frame
07:54:12 [INFO] - [__main__.py > plot_histogram() > 126] - KMeans, Clusters: 4, Frame: 40023
07:54:15 [INFO] - [__main__.py > <module>() > 201] - 68.47% of total video analyzed
07:56:39 [INFO] - [__main__.py > <module>() > 201] - 68.43% of total video analyzed
07:56:39 [INFO] - [__main__.py > <module>() > 201] - 68.43% of total video analyzed
07:56:40 [INFO] - [__main__.py > <module>() > 201] - 68.43% of total video analyzed
07:56:40 [INFO] - [__main__.py > <module>() > 201] - 68.44% of total video analyzed
07:56:40 [INFO] - [__main__.py > <module>() > 201] - 68.44% of total video analyzed
07:56:40 [INFO] - [__main__.py > <module>() > 201] - 68.44% of total video analyzed
07:56:40 [INFO] - [__main__.py > <module>() > 201] - 68.44% of total video analyzed
07:56:40 [INFO] - [__main__.py > <module>() > 201] - 68.44% of total video analyzed
07:56:40 [INFO] - [__main__.py > <module>() > 201] - 68.44% of total video analyzed
07:56:40 [INFO] - [__main__.py > <module>() > 201] - 68.45% of total video analyzed
07:56:40 [INFO] - [__main__.py > <module>() > 201] - 68.45% of total video analyzed
07:56:40 [INFO] - [__main__.py > <module>() > 201] - 68.45% of total video analyzed
07:56:40 [INFO] - [__main__.py > <module>() > 201] - 68.45% of total video analyzed
07:56:40 [INFO] - [__main__.py > <module>() > 201] - 68.45% of total video analyzed
07:56:41 [INFO] - [__main__.py > <module>() > 201] - 68.45% of total video analyzed
07:56:41 [INFO] - [__main__.py > <module>() > 201] - 68.46% of total video analyzed
07:56:41 [INFO] - [__main__.py > <module>() > 201] - 68.46% of total video analyzed
07:56:41 [INFO] - [__main__.py > <module>() > 201] - 68.46% of total video analyzed
07:56:41 [INFO] - [__main__.py > <module>() > 201] - 68.46% of total video analyzed
07:56:41 [INFO] - [__main__.py > <module>() > 201] - 68.46% of total video analyzed
07:56:41 [INFO] - [__main__.py > <module>() > 201] - 68.46% of total video analyzed
07:56:41 [INFO] - [__main__.py > <module>() > 201] - 68.47% of total video analyzed
07:56:41 [INFO] - [__main__.py > <module>() > 201] - 68.47% of total video analyzed
07:56:41 [INFO] - [__main__.py > average_frames() > 86] - Finding an average image of 24 frames
07:56:45 [INFO] - [__main__.py > plot_histogram() > 119] - Reshaping Frame
07:56:45 [INFO] - [__main__.py > plot_histogram() > 126] - KMeans, Clusters: 4, Frame: 40023
07:56:48 [INFO] - [__main__.py > <module>() > 201] - 68.47% of total video analyzed
07:57:16 [INFO] - [__main__.py > <module>() > 201] - 75.27% of total video analyzed
07:57:16 [INFO] - [__main__.py > <module>() > 201] - 75.27% of total video analyzed
07:57:16 [INFO] - [__main__.py > <module>() > 201] - 75.28% of total video analyzed
07:57:16 [INFO] - [__main__.py > <module>() > 201] - 75.28% of total video analyzed
07:57:17 [INFO] - [__main__.py > <module>() > 201] - 75.28% of total video analyzed
07:57:17 [INFO] - [__main__.py > <module>() > 201] - 75.28% of total video analyzed
07:57:17 [INFO] - [__main__.py > <module>() > 201] - 75.28% of total video analyzed
07:57:17 [INFO] - [__main__.py > <module>() > 201] - 75.28% of total video analyzed
07:57:17 [INFO] - [__main__.py > <module>() > 201] - 75.29% of total video analyzed
07:57:17 [INFO] - [__main__.py > <module>() > 201] - 75.29% of total video analyzed
07:57:17 [INFO] - [__main__.py > <module>() > 201] - 75.29% of total video analyzed
07:57:17 [INFO] - [__main__.py > <module>() > 201] - 75.29% of total video analyzed
07:57:17 [INFO] - [__main__.py > <module>() > 201] - 75.29% of total video analyzed
07:57:17 [INFO] - [__main__.py > <module>() > 201] - 75.30% of total video analyzed
07:57:18 [INFO] - [__main__.py > <module>() > 201] - 75.30% of total video analyzed
07:57:18 [INFO] - [__main__.py > <module>() > 201] - 75.30% of total video analyzed
07:57:18 [INFO] - [__main__.py > <module>() > 201] - 75.30% of total video analyzed
07:57:18 [INFO] - [__main__.py > <module>() > 201] - 75.30% of total video analyzed
07:57:18 [INFO] - [__main__.py > <module>() > 201] - 75.30% of total video analyzed
07:57:18 [INFO] - [__main__.py > <module>() > 201] - 75.31% of total video analyzed
07:57:18 [INFO] - [__main__.py > <module>() > 201] - 75.31% of total video analyzed
07:57:18 [INFO] - [__main__.py > <module>() > 201] - 75.31% of total video analyzed
07:57:18 [INFO] - [__main__.py > <module>() > 201] - 75.31% of total video analyzed
07:57:18 [INFO] - [__main__.py > average_frames() > 86] - Finding an average image of 24 frames
07:57:23 [INFO] - [__main__.py > plot_histogram() > 119] - Reshaping Frame
07:57:23 [INFO] - [__main__.py > plot_histogram() > 126] - KMeans, Clusters: 4, Frame: 44023
07:57:25 [INFO] - [__main__.py > <module>() > 201] - 75.31% of total video analyzed
07:57:57 [INFO] - [__main__.py > <module>() > 201] - 78.69% of total video analyzed
07:57:57 [INFO] - [__main__.py > <module>() > 201] - 78.70% of total video analyzed
07:57:57 [INFO] - [__main__.py > <module>() > 201] - 78.70% of total video analyzed
07:57:57 [INFO] - [__main__.py > <module>() > 201] - 78.70% of total video analyzed
07:57:57 [INFO] - [__main__.py > <module>() > 201] - 78.70% of total video analyzed
07:57:57 [INFO] - [__main__.py > <module>() > 201] - 78.70% of total video analyzed
07:57:57 [INFO] - [__main__.py > <module>() > 201] - 78.70% of total video analyzed
07:57:57 [INFO] - [__main__.py > <module>() > 201] - 78.71% of total video analyzed
07:57:58 [INFO] - [__main__.py > <module>() > 201] - 78.71% of total video analyzed
07:57:58 [INFO] - [__main__.py > <module>() > 201] - 78.71% of total video analyzed
07:57:58 [INFO] - [__main__.py > <module>() > 201] - 78.71% of total video analyzed
07:57:58 [INFO] - [__main__.py > <module>() > 201] - 78.71% of total video analyzed
07:57:58 [INFO] - [__main__.py > <module>() > 201] - 78.71% of total video analyzed
07:57:58 [INFO] - [__main__.py > <module>() > 201] - 78.72% of total video analyzed
07:57:58 [INFO] - [__main__.py > <module>() > 201] - 78.72% of total video analyzed
07:57:58 [INFO] - [__main__.py > <module>() > 201] - 78.72% of total video analyzed
07:57:58 [INFO] - [__main__.py > <module>() > 201] - 78.72% of total video analyzed
07:57:59 [INFO] - [__main__.py > <module>() > 201] - 78.72% of total video analyzed
07:57:59 [INFO] - [__main__.py > <module>() > 201] - 78.73% of total video analyzed
07:57:59 [INFO] - [__main__.py > <module>() > 201] - 78.73% of total video analyzed
07:57:59 [INFO] - [__main__.py > <module>() > 201] - 78.73% of total video analyzed
07:57:59 [INFO] - [__main__.py > <module>() > 201] - 78.73% of total video analyzed
07:57:59 [INFO] - [__main__.py > <module>() > 201] - 78.73% of total video analyzed
07:57:59 [INFO] - [__main__.py > average_frames() > 86] - Finding an average image of 24 frames
07:58:03 [INFO] - [__main__.py > plot_histogram() > 119] - Reshaping Frame
07:58:03 [INFO] - [__main__.py > plot_histogram() > 126] - KMeans, Clusters: 4, Frame: 46023
07:58:06 [INFO] - [__main__.py > <module>() > 201] - 78.73% of total video analyzed
07:58:27 [INFO] - [__main__.py > <module>() > 201] - 78.69% of total video analyzed
07:58:27 [INFO] - [__main__.py > <module>() > 201] - 78.70% of total video analyzed
07:58:27 [INFO] - [__main__.py > <module>() > 201] - 78.70% of total video analyzed
07:58:27 [INFO] - [__main__.py > <module>() > 201] - 78.70% of total video analyzed
07:58:27 [INFO] - [__main__.py > <module>() > 201] - 78.70% of total video analyzed
07:58:27 [INFO] - [__main__.py > <module>() > 201] - 78.70% of total video analyzed
07:58:28 [INFO] - [__main__.py > <module>() > 201] - 78.70% of total video analyzed
07:58:28 [INFO] - [__main__.py > <module>() > 201] - 78.71% of total video analyzed
07:58:28 [INFO] - [__main__.py > <module>() > 201] - 78.71% of total video analyzed
07:58:28 [INFO] - [__main__.py > <module>() > 201] - 78.71% of total video analyzed
07:58:28 [INFO] - [__main__.py > <module>() > 201] - 78.71% of total video analyzed
07:58:28 [INFO] - [__main__.py > <module>() > 201] - 78.71% of total video analyzed
07:58:28 [INFO] - [__main__.py > <module>() > 201] - 78.71% of total video analyzed
07:58:28 [INFO] - [__main__.py > <module>() > 201] - 78.72% of total video analyzed
07:58:28 [INFO] - [__main__.py > <module>() > 201] - 78.72% of total video analyzed
07:58:29 [INFO] - [__main__.py > <module>() > 201] - 78.72% of total video analyzed
07:58:29 [INFO] - [__main__.py > <module>() > 201] - 78.72% of total video analyzed
07:58:29 [INFO] - [__main__.py > <module>() > 201] - 78.72% of total video analyzed
07:58:29 [INFO] - [__main__.py > <module>() > 201] - 78.73% of total video analyzed
07:58:29 [INFO] - [__main__.py > <module>() > 201] - 78.73% of total video analyzed
07:58:29 [INFO] - [__main__.py > <module>() > 201] - 78.73% of total video analyzed
07:58:29 [INFO] - [__main__.py > <module>() > 201] - 78.73% of total video analyzed
07:58:29 [INFO] - [__main__.py > <module>() > 201] - 78.73% of total video analyzed
07:58:29 [INFO] - [__main__.py > average_frames() > 86] - Finding an average image of 24 frames
07:58:33 [INFO] - [__main__.py > plot_histogram() > 119] - Reshaping Frame
07:58:33 [INFO] - [__main__.py > plot_histogram() > 126] - KMeans, Clusters: 6, Frame: 46023
07:58:37 [INFO] - [__main__.py > <module>() > 201] - 78.73% of total video analyzed
07:59:36 [INFO] - [__main__.py > <module>() > 201] - 78.69% of total video analyzed
07:59:36 [INFO] - [__main__.py > <module>() > 201] - 78.70% of total video analyzed
07:59:36 [INFO] - [__main__.py > <module>() > 201] - 78.70% of total video analyzed
07:59:36 [INFO] - [__main__.py > <module>() > 201] - 78.70% of total video analyzed
07:59:36 [INFO] - [__main__.py > <module>() > 201] - 78.70% of total video analyzed
07:59:36 [INFO] - [__main__.py > <module>() > 201] - 78.70% of total video analyzed
07:59:37 [INFO] - [__main__.py > <module>() > 201] - 78.70% of total video analyzed
07:59:37 [INFO] - [__main__.py > <module>() > 201] - 78.71% of total video analyzed
07:59:37 [INFO] - [__main__.py > <module>() > 201] - 78.71% of total video analyzed
07:59:37 [INFO] - [__main__.py > <module>() > 201] - 78.71% of total video analyzed
07:59:37 [INFO] - [__main__.py > <module>() > 201] - 78.71% of total video analyzed
07:59:37 [INFO] - [__main__.py > <module>() > 201] - 78.71% of total video analyzed
07:59:37 [INFO] - [__main__.py > <module>() > 201] - 78.71% of total video analyzed
07:59:37 [INFO] - [__main__.py > <module>() > 201] - 78.72% of total video analyzed
07:59:37 [INFO] - [__main__.py > <module>() > 201] - 78.72% of total video analyzed
07:59:37 [INFO] - [__main__.py > <module>() > 201] - 78.72% of total video analyzed
07:59:38 [INFO] - [__main__.py > <module>() > 201] - 78.72% of total video analyzed
07:59:38 [INFO] - [__main__.py > <module>() > 201] - 78.72% of total video analyzed
07:59:38 [INFO] - [__main__.py > <module>() > 201] - 78.73% of total video analyzed
07:59:38 [INFO] - [__main__.py > <module>() > 201] - 78.73% of total video analyzed
07:59:38 [INFO] - [__main__.py > <module>() > 201] - 78.73% of total video analyzed
07:59:38 [INFO] - [__main__.py > <module>() > 201] - 78.73% of total video analyzed
07:59:38 [INFO] - [__main__.py > <module>() > 201] - 78.73% of total video analyzed
07:59:38 [INFO] - [__main__.py > average_frames() > 86] - Finding an average image of 24 frames
07:59:42 [INFO] - [__main__.py > plot_histogram() > 119] - Reshaping Frame
07:59:42 [INFO] - [__main__.py > plot_histogram() > 126] - KMeans, Clusters: 6, Frame: 46023
07:59:46 [INFO] - [__main__.py > <module>() > 201] - 78.73% of total video analyzed
08:00:03 [INFO] - [__main__.py > <module>() > 201] - 78.69% of total video analyzed
08:00:03 [INFO] - [__main__.py > <module>() > 201] - 78.70% of total video analyzed
08:00:04 [INFO] - [__main__.py > <module>() > 201] - 78.70% of total video analyzed
08:00:04 [INFO] - [__main__.py > <module>() > 201] - 78.70% of total video analyzed
08:00:04 [INFO] - [__main__.py > <module>() > 201] - 78.70% of total video analyzed
08:00:04 [INFO] - [__main__.py > <module>() > 201] - 78.70% of total video analyzed
08:00:04 [INFO] - [__main__.py > <module>() > 201] - 78.70% of total video analyzed
08:00:04 [INFO] - [__main__.py > <module>() > 201] - 78.71% of total video analyzed
08:00:04 [INFO] - [__main__.py > <module>() > 201] - 78.71% of total video analyzed
08:00:04 [INFO] - [__main__.py > <module>() > 201] - 78.71% of total video analyzed
08:00:04 [INFO] - [__main__.py > <module>() > 201] - 78.71% of total video analyzed
08:00:04 [INFO] - [__main__.py > <module>() > 201] - 78.71% of total video analyzed
08:00:05 [INFO] - [__main__.py > <module>() > 201] - 78.71% of total video analyzed
08:00:05 [INFO] - [__main__.py > <module>() > 201] - 78.72% of total video analyzed
08:00:05 [INFO] - [__main__.py > <module>() > 201] - 78.72% of total video analyzed
08:00:05 [INFO] - [__main__.py > <module>() > 201] - 78.72% of total video analyzed
08:00:05 [INFO] - [__main__.py > <module>() > 201] - 78.72% of total video analyzed
08:00:05 [INFO] - [__main__.py > <module>() > 201] - 78.72% of total video analyzed
08:00:05 [INFO] - [__main__.py > <module>() > 201] - 78.73% of total video analyzed
08:00:05 [INFO] - [__main__.py > <module>() > 201] - 78.73% of total video analyzed
08:00:05 [INFO] - [__main__.py > <module>() > 201] - 78.73% of total video analyzed
08:00:06 [INFO] - [__main__.py > <module>() > 201] - 78.73% of total video analyzed
08:00:06 [INFO] - [__main__.py > <module>() > 201] - 78.73% of total video analyzed
08:00:06 [INFO] - [__main__.py > average_frames() > 86] - Finding an average image of 24 frames
08:00:10 [INFO] - [__main__.py > plot_histogram() > 119] - Reshaping Frame
08:00:10 [INFO] - [__main__.py > plot_histogram() > 126] - KMeans, Clusters: 6, Frame: 46023
08:00:13 [INFO] - [__main__.py > <module>() > 201] - 78.73% of total video analyzed
08:01:42 [INFO] - [__main__.py > <module>() > 201] - 78.69% of total video analyzed
08:01:43 [INFO] - [__main__.py > <module>() > 201] - 78.70% of total video analyzed
08:01:43 [INFO] - [__main__.py > <module>() > 201] - 78.70% of total video analyzed
08:01:43 [INFO] - [__main__.py > <module>() > 201] - 78.70% of total video analyzed
08:01:43 [INFO] - [__main__.py > <module>() > 201] - 78.70% of total video analyzed
08:01:43 [INFO] - [__main__.py > <module>() > 201] - 78.70% of total video analyzed
08:01:43 [INFO] - [__main__.py > <module>() > 201] - 78.70% of total video analyzed
08:01:43 [INFO] - [__main__.py > <module>() > 201] - 78.71% of total video analyzed
08:01:43 [INFO] - [__main__.py > <module>() > 201] - 78.71% of total video analyzed
08:01:43 [INFO] - [__main__.py > <module>() > 201] - 78.71% of total video analyzed
08:01:43 [INFO] - [__main__.py > <module>() > 201] - 78.71% of total video analyzed
08:01:44 [INFO] - [__main__.py > <module>() > 201] - 78.71% of total video analyzed
08:01:44 [INFO] - [__main__.py > <module>() > 201] - 78.71% of total video analyzed
08:01:44 [INFO] - [__main__.py > <module>() > 201] - 78.72% of total video analyzed
08:01:44 [INFO] - [__main__.py > <module>() > 201] - 78.72% of total video analyzed
08:01:44 [INFO] - [__main__.py > <module>() > 201] - 78.72% of total video analyzed
08:01:44 [INFO] - [__main__.py > <module>() > 201] - 78.72% of total video analyzed
08:01:44 [INFO] - [__main__.py > <module>() > 201] - 78.72% of total video analyzed
08:01:44 [INFO] - [__main__.py > <module>() > 201] - 78.73% of total video analyzed
08:01:44 [INFO] - [__main__.py > <module>() > 201] - 78.73% of total video analyzed
08:01:45 [INFO] - [__main__.py > <module>() > 201] - 78.73% of total video analyzed
08:01:45 [INFO] - [__main__.py > <module>() > 201] - 78.73% of total video analyzed
08:01:45 [INFO] - [__main__.py > <module>() > 201] - 78.73% of total video analyzed
08:01:45 [INFO] - [__main__.py > average_frames() > 86] - Finding an average image of 24 frames
08:01:49 [INFO] - [__main__.py > plot_histogram() > 119] - Reshaping Frame
08:01:49 [INFO] - [__main__.py > plot_histogram() > 126] - KMeans, Clusters: 6, Frame: 46023
08:02:05 [INFO] - [__main__.py > <module>() > 201] - 78.73% of total video analyzed
08:02:43 [INFO] - [__main__.py > <module>() > 201] - 78.69% of total video analyzed
08:02:43 [INFO] - [__main__.py > <module>() > 201] - 78.70% of total video analyzed
08:02:43 [INFO] - [__main__.py > <module>() > 201] - 78.70% of total video analyzed
08:02:43 [INFO] - [__main__.py > <module>() > 201] - 78.70% of total video analyzed
08:02:43 [INFO] - [__main__.py > <module>() > 201] - 78.70% of total video analyzed
08:02:43 [INFO] - [__main__.py > <module>() > 201] - 78.70% of total video analyzed
08:02:43 [INFO] - [__main__.py > <module>() > 201] - 78.70% of total video analyzed
08:02:43 [INFO] - [__main__.py > <module>() > 201] - 78.71% of total video analyzed
08:02:43 [INFO] - [__main__.py > <module>() > 201] - 78.71% of total video analyzed
08:02:43 [INFO] - [__main__.py > <module>() > 201] - 78.71% of total video analyzed
08:02:44 [INFO] - [__main__.py > <module>() > 201] - 78.71% of total video analyzed
08:02:44 [INFO] - [__main__.py > <module>() > 201] - 78.71% of total video analyzed
08:02:44 [INFO] - [__main__.py > <module>() > 201] - 78.71% of total video analyzed
08:02:44 [INFO] - [__main__.py > <module>() > 201] - 78.72% of total video analyzed
08:02:44 [INFO] - [__main__.py > <module>() > 201] - 78.72% of total video analyzed
08:02:44 [INFO] - [__main__.py > <module>() > 201] - 78.72% of total video analyzed
08:02:44 [INFO] - [__main__.py > <module>() > 201] - 78.72% of total video analyzed
08:02:44 [INFO] - [__main__.py > <module>() > 201] - 78.72% of total video analyzed
08:02:44 [INFO] - [__main__.py > <module>() > 201] - 78.73% of total video analyzed
08:02:45 [INFO] - [__main__.py > <module>() > 201] - 78.73% of total video analyzed
08:02:45 [INFO] - [__main__.py > <module>() > 201] - 78.73% of total video analyzed
08:02:45 [INFO] - [__main__.py > <module>() > 201] - 78.73% of total video analyzed
08:02:45 [INFO] - [__main__.py > <module>() > 201] - 78.73% of total video analyzed
08:02:45 [INFO] - [__main__.py > average_frames() > 86] - Finding an average image of 24 frames
08:02:49 [INFO] - [__main__.py > plot_histogram() > 119] - Reshaping Frame
08:02:49 [INFO] - [__main__.py > plot_histogram() > 126] - KMeans, Clusters: 6, Frame: 46023
08:03:41 [INFO] - [__main__.py > <module>() > 202] - 78.69% of total video analyzed
08:03:41 [INFO] - [__main__.py > <module>() > 202] - 78.70% of total video analyzed
08:03:41 [INFO] - [__main__.py > <module>() > 202] - 78.70% of total video analyzed
08:03:41 [INFO] - [__main__.py > <module>() > 202] - 78.70% of total video analyzed
08:03:41 [INFO] - [__main__.py > <module>() > 202] - 78.70% of total video analyzed
08:03:41 [INFO] - [__main__.py > <module>() > 202] - 78.70% of total video analyzed
08:03:42 [INFO] - [__main__.py > <module>() > 202] - 78.70% of total video analyzed
08:03:42 [INFO] - [__main__.py > <module>() > 202] - 78.71% of total video analyzed
08:03:42 [INFO] - [__main__.py > <module>() > 202] - 78.71% of total video analyzed
08:03:42 [INFO] - [__main__.py > <module>() > 202] - 78.71% of total video analyzed
08:03:42 [INFO] - [__main__.py > <module>() > 202] - 78.71% of total video analyzed
08:03:42 [INFO] - [__main__.py > <module>() > 202] - 78.71% of total video analyzed
08:03:42 [INFO] - [__main__.py > <module>() > 202] - 78.71% of total video analyzed
08:03:42 [INFO] - [__main__.py > <module>() > 202] - 78.72% of total video analyzed
08:03:42 [INFO] - [__main__.py > <module>() > 202] - 78.72% of total video analyzed
08:03:43 [INFO] - [__main__.py > <module>() > 202] - 78.72% of total video analyzed
08:03:43 [INFO] - [__main__.py > <module>() > 202] - 78.72% of total video analyzed
08:03:43 [INFO] - [__main__.py > <module>() > 202] - 78.72% of total video analyzed
08:03:43 [INFO] - [__main__.py > <module>() > 202] - 78.73% of total video analyzed
08:03:43 [INFO] - [__main__.py > <module>() > 202] - 78.73% of total video analyzed
08:03:43 [INFO] - [__main__.py > <module>() > 202] - 78.73% of total video analyzed
08:03:43 [INFO] - [__main__.py > <module>() > 202] - 78.73% of total video analyzed
08:03:43 [INFO] - [__main__.py > <module>() > 202] - 78.73% of total video analyzed
08:03:43 [INFO] - [__main__.py > average_frames() > 86] - Finding an average image of 24 frames
08:05:29 [INFO] - [__main__.py > <module>() > 203] - 78.69% of total video analyzed
08:05:29 [INFO] - [__main__.py > <module>() > 203] - 78.70% of total video analyzed
08:05:29 [INFO] - [__main__.py > <module>() > 203] - 78.70% of total video analyzed
08:05:29 [INFO] - [__main__.py > <module>() > 203] - 78.70% of total video analyzed
08:05:29 [INFO] - [__main__.py > <module>() > 203] - 78.70% of total video analyzed
08:05:29 [INFO] - [__main__.py > <module>() > 203] - 78.70% of total video analyzed
08:05:29 [INFO] - [__main__.py > <module>() > 203] - 78.70% of total video analyzed
08:05:29 [INFO] - [__main__.py > <module>() > 203] - 78.71% of total video analyzed
08:05:30 [INFO] - [__main__.py > <module>() > 203] - 78.71% of total video analyzed
08:05:30 [INFO] - [__main__.py > <module>() > 203] - 78.71% of total video analyzed
08:05:30 [INFO] - [__main__.py > <module>() > 203] - 78.71% of total video analyzed
08:05:30 [INFO] - [__main__.py > <module>() > 203] - 78.71% of total video analyzed
08:05:30 [INFO] - [__main__.py > <module>() > 203] - 78.71% of total video analyzed
08:05:30 [INFO] - [__main__.py > <module>() > 203] - 78.72% of total video analyzed
08:05:30 [INFO] - [__main__.py > <module>() > 203] - 78.72% of total video analyzed
08:05:30 [INFO] - [__main__.py > <module>() > 203] - 78.72% of total video analyzed
08:05:30 [INFO] - [__main__.py > <module>() > 203] - 78.72% of total video analyzed
08:05:31 [INFO] - [__main__.py > <module>() > 203] - 78.72% of total video analyzed
08:05:31 [INFO] - [__main__.py > <module>() > 203] - 78.73% of total video analyzed
08:05:31 [INFO] - [__main__.py > <module>() > 203] - 78.73% of total video analyzed
08:05:31 [INFO] - [__main__.py > <module>() > 203] - 78.73% of total video analyzed
08:05:31 [INFO] - [__main__.py > <module>() > 203] - 78.73% of total video analyzed
08:05:31 [INFO] - [__main__.py > <module>() > 203] - 78.73% of total video analyzed
08:05:31 [INFO] - [__main__.py > average_frames() > 86] - Finding an average image of 24 frames
08:06:00 [INFO] - [__main__.py > <module>() > 202] - 78.69% of total video analyzed
08:06:00 [INFO] - [__main__.py > <module>() > 202] - 78.70% of total video analyzed
08:06:00 [INFO] - [__main__.py > <module>() > 202] - 78.70% of total video analyzed
08:06:00 [INFO] - [__main__.py > <module>() > 202] - 78.70% of total video analyzed
08:06:00 [INFO] - [__main__.py > <module>() > 202] - 78.70% of total video analyzed
08:06:00 [INFO] - [__main__.py > <module>() > 202] - 78.70% of total video analyzed
08:06:00 [INFO] - [__main__.py > <module>() > 202] - 78.70% of total video analyzed
08:06:00 [INFO] - [__main__.py > <module>() > 202] - 78.71% of total video analyzed
08:06:00 [INFO] - [__main__.py > <module>() > 202] - 78.71% of total video analyzed
08:06:00 [INFO] - [__main__.py > <module>() > 202] - 78.71% of total video analyzed
08:06:01 [INFO] - [__main__.py > <module>() > 202] - 78.71% of total video analyzed
08:06:01 [INFO] - [__main__.py > <module>() > 202] - 78.71% of total video analyzed
08:06:01 [INFO] - [__main__.py > <module>() > 202] - 78.71% of total video analyzed
08:06:01 [INFO] - [__main__.py > <module>() > 202] - 78.72% of total video analyzed
08:06:01 [INFO] - [__main__.py > <module>() > 202] - 78.72% of total video analyzed
08:06:01 [INFO] - [__main__.py > <module>() > 202] - 78.72% of total video analyzed
08:06:01 [INFO] - [__main__.py > <module>() > 202] - 78.72% of total video analyzed
08:06:01 [INFO] - [__main__.py > <module>() > 202] - 78.72% of total video analyzed
08:06:01 [INFO] - [__main__.py > <module>() > 202] - 78.73% of total video analyzed
08:06:02 [INFO] - [__main__.py > <module>() > 202] - 78.73% of total video analyzed
08:06:02 [INFO] - [__main__.py > <module>() > 202] - 78.73% of total video analyzed
08:06:02 [INFO] - [__main__.py > <module>() > 202] - 78.73% of total video analyzed
08:06:02 [INFO] - [__main__.py > <module>() > 202] - 78.73% of total video analyzed
08:06:02 [INFO] - [__main__.py > average_frames() > 86] - Finding an average image of 24 frames
08:06:12 [INFO] - [__main__.py > plot_histogram() > 120] - Reshaping Frame
08:06:12 [INFO] - [__main__.py > plot_histogram() > 127] - KMeans, Clusters: 6, Frame: 46023
08:07:31 [INFO] - [__main__.py > <module>() > 204] - 78.69% of total video analyzed
08:07:31 [INFO] - [__main__.py > <module>() > 204] - 78.70% of total video analyzed
08:07:31 [INFO] - [__main__.py > <module>() > 204] - 78.70% of total video analyzed
08:07:31 [INFO] - [__main__.py > <module>() > 204] - 78.70% of total video analyzed
08:07:31 [INFO] - [__main__.py > <module>() > 204] - 78.70% of total video analyzed
08:07:31 [INFO] - [__main__.py > <module>() > 204] - 78.70% of total video analyzed
08:07:32 [INFO] - [__main__.py > <module>() > 204] - 78.70% of total video analyzed
08:07:32 [INFO] - [__main__.py > <module>() > 204] - 78.71% of total video analyzed
08:07:32 [INFO] - [__main__.py > <module>() > 204] - 78.71% of total video analyzed
08:07:32 [INFO] - [__main__.py > <module>() > 204] - 78.71% of total video analyzed
08:07:32 [INFO] - [__main__.py > <module>() > 204] - 78.71% of total video analyzed
08:07:32 [INFO] - [__main__.py > <module>() > 204] - 78.71% of total video analyzed
08:07:32 [INFO] - [__main__.py > <module>() > 204] - 78.71% of total video analyzed
08:07:32 [INFO] - [__main__.py > <module>() > 204] - 78.72% of total video analyzed
08:07:32 [INFO] - [__main__.py > <module>() > 204] - 78.72% of total video analyzed
08:07:32 [INFO] - [__main__.py > <module>() > 204] - 78.72% of total video analyzed
08:07:33 [INFO] - [__main__.py > <module>() > 204] - 78.72% of total video analyzed
08:07:33 [INFO] - [__main__.py > <module>() > 204] - 78.72% of total video analyzed
08:07:33 [INFO] - [__main__.py > <module>() > 204] - 78.73% of total video analyzed
08:07:33 [INFO] - [__main__.py > <module>() > 204] - 78.73% of total video analyzed
08:07:33 [INFO] - [__main__.py > <module>() > 204] - 78.73% of total video analyzed
08:07:33 [INFO] - [__main__.py > <module>() > 204] - 78.73% of total video analyzed
08:07:33 [INFO] - [__main__.py > <module>() > 204] - 78.73% of total video analyzed
08:07:33 [INFO] - [__main__.py > average_frames() > 86] - Finding an average image of 24 frames
08:07:37 [INFO] - [__main__.py > plot_histogram() > 122] - Reshaping Frame
08:07:37 [INFO] - [__main__.py > plot_histogram() > 129] - KMeans, Clusters: 6, Frame: 46023
08:08:08 [INFO] - [__main__.py > <module>() > 203] - 78.69% of total video analyzed
08:08:08 [INFO] - [__main__.py > <module>() > 203] - 78.70% of total video analyzed
08:08:08 [INFO] - [__main__.py > <module>() > 203] - 78.70% of total video analyzed
08:08:08 [INFO] - [__main__.py > <module>() > 203] - 78.70% of total video analyzed
08:08:08 [INFO] - [__main__.py > <module>() > 203] - 78.70% of total video analyzed
08:08:08 [INFO] - [__main__.py > <module>() > 203] - 78.70% of total video analyzed
08:08:08 [INFO] - [__main__.py > <module>() > 203] - 78.70% of total video analyzed
08:08:08 [INFO] - [__main__.py > <module>() > 203] - 78.71% of total video analyzed
08:08:09 [INFO] - [__main__.py > <module>() > 203] - 78.71% of total video analyzed
08:08:09 [INFO] - [__main__.py > <module>() > 203] - 78.71% of total video analyzed
08:08:09 [INFO] - [__main__.py > <module>() > 203] - 78.71% of total video analyzed
08:08:09 [INFO] - [__main__.py > <module>() > 203] - 78.71% of total video analyzed
08:08:09 [INFO] - [__main__.py > <module>() > 203] - 78.71% of total video analyzed
08:08:09 [INFO] - [__main__.py > <module>() > 203] - 78.72% of total video analyzed
08:08:09 [INFO] - [__main__.py > <module>() > 203] - 78.72% of total video analyzed
08:08:09 [INFO] - [__main__.py > <module>() > 203] - 78.72% of total video analyzed
08:08:09 [INFO] - [__main__.py > <module>() > 203] - 78.72% of total video analyzed
08:08:10 [INFO] - [__main__.py > <module>() > 203] - 78.72% of total video analyzed
08:08:10 [INFO] - [__main__.py > <module>() > 203] - 78.73% of total video analyzed
08:08:10 [INFO] - [__main__.py > <module>() > 203] - 78.73% of total video analyzed
08:08:10 [INFO] - [__main__.py > <module>() > 203] - 78.73% of total video analyzed
08:08:10 [INFO] - [__main__.py > <module>() > 203] - 78.73% of total video analyzed
08:08:10 [INFO] - [__main__.py > <module>() > 203] - 78.73% of total video analyzed
08:08:10 [INFO] - [__main__.py > average_frames() > 86] - Finding an average image of 24 frames
08:08:13 [INFO] - [__main__.py > plot_histogram() > 121] - Reshaping Frame
08:08:13 [INFO] - [__main__.py > plot_histogram() > 128] - KMeans, Clusters: 6, Frame: 46023
08:08:27 [INFO] - [__main__.py > <module>() > 203] - 78.73% of total video analyzed
